<?xml version="1.0" encoding="UTF-8"?>
<!-- Generated by org.testng.reporters.JUnitXMLReporter -->
<testsuite hostname="FINDHYDAG727322" ignored="0" name="Carrier SMART POM Test" tests="17" failures="1" timestamp="08 Aug 2017 09:21:42 GMT" time="728.241" errors="0">
  <testcase name="setUp" time="30.768" classname="com.pack.common.tests.DashboardPageTest"/>
  <testcase name="validateRunningChillerCount" time="10.311" classname="com.pack.common.tests.DashboardPageTest"/>
  <testcase name="validateAlarmsandAlertChillerCount" time="13.674" classname="com.pack.common.tests.DashboardPageTest"/>
  <testcase name="validateNotRunningChillerCount" time="8.561" classname="com.pack.common.tests.DashboardPageTest"/>
  <testcase name="validateOfflineChillerCount" time="8.587" classname="com.pack.common.tests.DashboardPageTest"/>
  <testcase name="validateDeviceLocationSearchFunctionality" time="5.513" classname="com.pack.common.tests.DashboardPageTest"/>
  <testcase name="validateSortingFunctionality" time="15.388" classname="com.pack.common.tests.DashboardPageTest"/>
  <testcase name="setUp" time="30.51" classname="com.pack.common.tests.DeviceDetailsTest"/>
  <testcase name="validateDeviceDetailsPage" time="7.425" classname="com.pack.common.tests.DeviceDetailsTest"/>
  <testcase name="verifyWeatherForecast" time="3.418" classname="com.pack.common.tests.DeviceDetailsTest"/>
  <testcase name="setUp" time="30.857" classname="com.pack.common.tests.SectionDetailsTest"/>
  <testcase name="validateSectionDetailsPage" time="164.942" classname="com.pack.common.tests.SectionDetailsTest">
    <failure type="org.openqa.selenium.WebDriverException" message="unknown error: Element &amp;lt;span _ngcontent-ohq-16=&amp;quot;&amp;quot;&amp;gt;...&amp;lt;/span&amp;gt; is not clickable at point (213, 525). Other element would receive the click: &amp;lt;div _ngcontent-ohq-22=&amp;quot;&amp;quot; class=&amp;quot;metricStatus&amp;quot;&amp;gt;...&amp;lt;/div&amp;gt;
  (Session info: chrome=59.0.3071.115)
  (Driver info: chromedriver=2.29.461591 (62ebf098771772160f391d75e589dc567915b233),platform=Windows NT 6.3.9600 x86_64) (WARNING: The server did not provide any stacktrace information)
Command duration or timeout: 67 milliseconds
Build info: version: &amp;apos;unknown&amp;apos;, revision: &amp;apos;unknown&amp;apos;, time: &amp;apos;unknown&amp;apos;
System info: host: &amp;apos;FINDHYDAG727322&amp;apos;, ip: &amp;apos;10.176.49.9&amp;apos;, os.name: &amp;apos;Windows 8.1&amp;apos;, os.arch: &amp;apos;amd64&amp;apos;, os.version: &amp;apos;6.3&amp;apos;, java.version: &amp;apos;1.8.0_51&amp;apos;
Driver info: org.openqa.selenium.chrome.ChromeDriver
Capabilities [{applicationCacheEnabled=false, rotatable=false, mobileEmulationEnabled=false, networkConnectionEnabled=false, chrome={chromedriverVersion=2.29.461591 (62ebf098771772160f391d75e589dc567915b233), userDataDir=C:\Users\swainN\AppData\Local\Temp\scoped_dir13596_19158}, takesHeapSnapshot=true, pageLoadStrategy=normal, databaseEnabled=false, handlesAlerts=true, hasTouchScreen=false, version=59.0.3071.115, platform=WIN8_1, browserConnectionEnabled=false, nativeEvents=true, acceptSslCerts=true, locationContextEnabled=true, webStorageEnabled=true, browserName=chrome, takesScreenshot=true, javascriptEnabled=true, cssSelectorsEnabled=true, unexpectedAlertBehaviour=}]
Session ID: 5908e4c371f2907f696ac70a85221e7d">
      <![CDATA[org.openqa.selenium.WebDriverException: unknown error: Element <span _ngcontent-ohq-16="">...</span> is not clickable at point (213, 525). Other element would receive the click: <div _ngcontent-ohq-22="" class="metricStatus">...</div>
  (Session info: chrome=59.0.3071.115)
  (Driver info: chromedriver=2.29.461591 (62ebf098771772160f391d75e589dc567915b233),platform=Windows NT 6.3.9600 x86_64) (WARNING: The server did not provide any stacktrace information)
Command duration or timeout: 67 milliseconds
Build info: version: 'unknown', revision: 'unknown', time: 'unknown'
System info: host: 'FINDHYDAG727322', ip: '10.176.49.9', os.name: 'Windows 8.1', os.arch: 'amd64', os.version: '6.3', java.version: '1.8.0_51'
Driver info: org.openqa.selenium.chrome.ChromeDriver
Capabilities [{applicationCacheEnabled=false, rotatable=false, mobileEmulationEnabled=false, networkConnectionEnabled=false, chrome={chromedriverVersion=2.29.461591 (62ebf098771772160f391d75e589dc567915b233), userDataDir=C:\Users\swainN\AppData\Local\Temp\scoped_dir13596_19158}, takesHeapSnapshot=true, pageLoadStrategy=normal, databaseEnabled=false, handlesAlerts=true, hasTouchScreen=false, version=59.0.3071.115, platform=WIN8_1, browserConnectionEnabled=false, nativeEvents=true, acceptSslCerts=true, locationContextEnabled=true, webStorageEnabled=true, browserName=chrome, takesScreenshot=true, javascriptEnabled=true, cssSelectorsEnabled=true, unexpectedAlertBehaviour=}]
Session ID: 5908e4c371f2907f696ac70a85221e7d
	at org.openqa.selenium.remote.ErrorHandler.createThrowable(ErrorHandler.java:215)
	at org.openqa.selenium.remote.ErrorHandler.throwIfResponseFailed(ErrorHandler.java:167)
	at org.openqa.selenium.remote.RemoteWebDriver.execute(RemoteWebDriver.java:671)
	at org.openqa.selenium.remote.RemoteWebElement.execute(RemoteWebElement.java:272)
	at org.openqa.selenium.remote.RemoteWebElement.click(RemoteWebElement.java:82)
	at com.pack.common.pageobjects.DeviceSectionDetailsPage.validateSectionDetailsPage(DeviceSectionDetailsPage.java:73)
	at com.pack.common.tests.SectionDetailsTest.validateSectionDetailsPage(SectionDetailsTest.java:41)
... Removed 29 stack frames]]>
    </failure>
  </testcase> <!-- validateSectionDetailsPage -->
  <testcase name="validateExportToExcel" time="44.33" classname="com.pack.common.tests.SectionDetailsTest"/>
  <testcase name="setUp" time="30.581" classname="com.pack.common.tests.AdminFunctionTest"/>
  <testcase name="addNewCustomer" time="24.593" classname="com.pack.common.tests.AdminFunctionTest"/>
  <testcase name="chillerRegistrationNewCustomer" time="50.937" classname="com.pack.common.tests.AdminFunctionTest"/>
  <testcase name="tenantVerification" time="81.654" classname="com.pack.common.tests.AdminFunctionTest"/>
</testsuite> <!-- Carrier SMART POM Test -->
